<?xml version="1.0" encoding="UTF-8"?>
<testng-results ignored="0" total="1" passed="1" failed="0" skipped="0">
  <reporter-output>
  </reporter-output>
  <suite started-at="2025-06-16T23:49:53 IST" name="Default suite" finished-at="2025-06-16T23:50:04 IST" duration-ms="11038">
    <groups>
    </groups>
    <test started-at="2025-06-16T23:49:53 IST" name="Default test" finished-at="2025-06-16T23:50:04 IST" duration-ms="11038">
      <class name="tests.TC_RF_001">
        <test-method is-config="true" signature="setupExtent()[pri:0, instance:tests.TC_RF_001@72cc7e6f]" started-at="2025-06-16T23:49:52 IST" name="setupExtent" finished-at="2025-06-16T23:49:53 IST" duration-ms="270" status="PASS">
          <reporter-output>
          </reporter-output>
        </test-method> <!-- setupExtent -->
        <test-method is-config="true" signature="setup()[pri:0, instance:tests.TC_RF_001@72cc7e6f]" started-at="2025-06-16T23:49:53 IST" name="setup" finished-at="2025-06-16T23:49:57 IST" duration-ms="4398" status="PASS">
          <reporter-output>
          </reporter-output>
        </test-method> <!-- setup -->
        <test-method signature="verifyRigisterWithmandatoryFields()[pri:0, instance:tests.TC_RF_001@72cc7e6f]" started-at="2025-06-16T23:49:57 IST" name="verifyRigisterWithmandatoryFields" finished-at="2025-06-16T23:50:03 IST" duration-ms="6268" status="PASS">
          <reporter-output>
          </reporter-output>
        </test-method> <!-- verifyRigisterWithmandatoryFields -->
        <test-method is-config="true" signature="tearDown()[pri:0, instance:tests.TC_RF_001@72cc7e6f]" started-at="2025-06-16T23:50:03 IST" name="tearDown" finished-at="2025-06-16T23:50:04 IST" duration-ms="331" status="PASS">
          <reporter-output>
          </reporter-output>
        </test-method> <!-- tearDown -->
        <test-method is-config="true" signature="tearDownExtent()[pri:0, instance:tests.TC_RF_001@72cc7e6f]" started-at="2025-06-16T23:50:04 IST" name="tearDownExtent" finished-at="2025-06-16T23:50:04 IST" duration-ms="537" status="PASS">
          <reporter-output>
          </reporter-output>
        </test-method> <!-- tearDownExtent -->
      </class> <!-- tests.TC_RF_001 -->
    </test> <!-- Default test -->
  </suite> <!-- Default suite -->
</testng-results>
